0 info it worked if it ends with ok
1 verbose cli [ '/Users/tetianabutenko/.nvm/versions/node/v4.2.1/bin/node',
1 verbose cli   '/Users/tetianabutenko/.nvm/versions/node/v4.2.1/bin/npm',
1 verbose cli   'run',
1 verbose cli   'test:e2e' ]
2 info using npm@2.14.7
3 info using node@v4.2.1
4 verbose run-script [ 'pretest:e2e', 'test:e2e', 'posttest:e2e' ]
5 info pretest:e2e syd_react@1.0.0
6 info test:e2e syd_react@1.0.0
7 verbose unsafe-perm in lifecycle true
8 info syd_react@1.0.0 Failed to exec test:e2e script
9 verbose stack Error: syd_react@1.0.0 test:e2e: `npm start & ./node_modules/.bin/selenium-standalone start debug & ./node_modules/.bin/nightwatch`
9 verbose stack Exit status 1
9 verbose stack     at EventEmitter.<anonymous> (/Users/tetianabutenko/.nvm/versions/node/v4.2.1/lib/node_modules/npm/lib/utils/lifecycle.js:214:16)
9 verbose stack     at emitTwo (events.js:87:13)
9 verbose stack     at EventEmitter.emit (events.js:172:7)
9 verbose stack     at ChildProcess.<anonymous> (/Users/tetianabutenko/.nvm/versions/node/v4.2.1/lib/node_modules/npm/lib/utils/spawn.js:24:14)
9 verbose stack     at emitTwo (events.js:87:13)
9 verbose stack     at ChildProcess.emit (events.js:172:7)
9 verbose stack     at maybeClose (internal/child_process.js:818:16)
9 verbose stack     at Process.ChildProcess._handle.onexit (internal/child_process.js:211:5)
10 verbose pkgid syd_react@1.0.0
11 verbose cwd /Users/tetianabutenko/Documents/development/syd_react
12 error Darwin 13.4.0
13 error argv "/Users/tetianabutenko/.nvm/versions/node/v4.2.1/bin/node" "/Users/tetianabutenko/.nvm/versions/node/v4.2.1/bin/npm" "run" "test:e2e"
14 error node v4.2.1
15 error npm  v2.14.7
16 error code ELIFECYCLE
17 error syd_react@1.0.0 test:e2e: `npm start & ./node_modules/.bin/selenium-standalone start debug & ./node_modules/.bin/nightwatch`
17 error Exit status 1
18 error Failed at the syd_react@1.0.0 test:e2e script 'npm start & ./node_modules/.bin/selenium-standalone start debug & ./node_modules/.bin/nightwatch'.
18 error This is most likely a problem with the syd_react package,
18 error not with npm itself.
18 error Tell the author that this fails on your system:
18 error     npm start & ./node_modules/.bin/selenium-standalone start debug & ./node_modules/.bin/nightwatch
18 error You can get their info via:
18 error     npm owner ls syd_react
18 error There is likely additional logging output above.
19 verbose exit [ 1, true ]
